e:\tcd\computer graphics\research_station\research_station\x64\debug\vc143.pdb
e:\tcd\computer graphics\research_station\research_station\x64\debug\vc143.idb
e:\tcd\computer graphics\research_station\research_station\x64\debug\main.obj
e:\tcd\computer graphics\research_station\research_station\x64\debug\window.obj
e:\tcd\computer graphics\research_station\research_station\x64\debug\spotlight.obj
e:\tcd\computer graphics\research_station\research_station\x64\debug\shadowmap.obj
e:\tcd\computer graphics\research_station\research_station\x64\debug\shaderclass.obj
e:\tcd\computer graphics\research_station\research_station\x64\debug\pointlight.obj
e:\tcd\computer graphics\research_station\research_station\x64\debug\omnishadowmap.obj
e:\tcd\computer graphics\research_station\research_station\x64\debug\model.obj
e:\tcd\computer graphics\research_station\research_station\x64\debug\mesh.obj
e:\tcd\computer graphics\research_station\research_station\x64\debug\material.obj
e:\tcd\computer graphics\research_station\research_station\x64\debug\light.obj
e:\tcd\computer graphics\research_station\research_station\x64\debug\ebo.obj
e:\tcd\computer graphics\research_station\research_station\x64\debug\directionallight.obj
e:\tcd\computer graphics\research_station\research_station\x64\debug\camera.obj
e:\tcd\computer graphics\research_station\research_station\x64\debug\commonfns.h.ifc
e:\tcd\computer graphics\research_station\research_station\x64\debug\commonfns.h.ifc.d.json
e:\tcd\computer graphics\research_station\research_station\x64\debug\commonfns.h.obj
e:\tcd\computer graphics\research_station\research_station\x64\debug\glad.obj
e:\tcd\computer graphics\research_station\x64\debug\research_station.exe
e:\tcd\computer graphics\research_station\x64\debug\research_station.pdb
e:\tcd\computer graphics\research_station\research_station\x64\debug\commonfns.h.module.json
e:\tcd\computer graphics\research_station\research_station\x64\debug\research_station.ilk
e:\tcd\computer graphics\research_station\research_station\x64\debug\research_station.tlog\cl.command.1.tlog
e:\tcd\computer graphics\research_station\research_station\x64\debug\research_station.tlog\cl.items.tlog
e:\tcd\computer graphics\research_station\research_station\x64\debug\research_station.tlog\cl.read.1.tlog
e:\tcd\computer graphics\research_station\research_station\x64\debug\research_station.tlog\cl.write.1.tlog
e:\tcd\computer graphics\research_station\research_station\x64\debug\research_station.tlog\link.command.1.tlog
e:\tcd\computer graphics\research_station\research_station\x64\debug\research_station.tlog\link.read.1.tlog
e:\tcd\computer graphics\research_station\research_station\x64\debug\research_station.tlog\link.secondary.1.tlog
e:\tcd\computer graphics\research_station\research_station\x64\debug\research_station.tlog\link.write.1.tlog
e:\tcd\computer graphics\research_station\research_station\x64\debug\research_station_md.tlog\cl.command.1.tlog
e:\tcd\computer graphics\research_station\research_station\x64\debug\research_station_md.tlog\microsoft.build.cpptasks.cl.read.1.tlog
e:\tcd\computer graphics\research_station\research_station\x64\debug\research_station_md.tlog\microsoft.build.cpptasks.cl.write.1.tlog
